# JRE version: Java(TM) SE Runtime Environment (7.0_40-b43) (build 1.7.0_40-b43)
# Java VM: Java HotSpot(TM) 64-Bit Server VM (24.0-b56 mixed mode linux-amd64 compressed oops)
Heap
 PSYoungGen      total 115200K, used 104878K [0x00000000f5500000, 0x00000000fd780000, 0x0000000100000000)
  eden space 105984K, 95% used [0x00000000f5500000,0x00000000fb834a40,0x00000000fbc80000)
  from space 9216K, 35% used [0x00000000fbc80000,0x00000000fbfb6f10,0x00000000fc580000)
  to   space 8704K, 0% used [0x00000000fcf00000,0x00000000fcf00000,0x00000000fd780000)
 ParOldGen       total 116736K, used 85613K [0x00000000e0000000, 0x00000000e7200000, 0x00000000f5500000)
  object space 116736K, 73% used [0x00000000e0000000,0x00000000e539b658,0x00000000e7200000)
 PSPermGen       total 153088K, used 105677K [0x00000000d0000000, 0x00000000d9580000, 0x00000000e0000000)
  object space 153088K, 69% used [0x00000000d0000000,0x00000000d67334e0,0x00000000d9580000)
GC Heap History (10 events):
Event: 3378,995 GC heap before
{Heap before GC invocations=255 (full 6):
 PSYoungGen      total 97280K, used 90001K [0x00000000f5500000, 0x00000000fbe80000, 0x0000000100000000)
  eden space 87552K, 99% used [0x00000000f5500000,0x00000000faa05140,0x00000000faa80000)
  from space 9728K, 30% used [0x00000000fb500000,0x00000000fb7df3e0,0x00000000fbe80000)
  to   space 10240K, 0% used [0x00000000faa80000,0x00000000faa80000,0x00000000fb480000)
 ParOldGen       total 116736K, used 85485K [0x00000000e0000000, 0x00000000e7200000, 0x00000000f5500000)
  object space 116736K, 73% used [0x00000000e0000000,0x00000000e537b658,0x00000000e7200000)
 PSPermGen       total 153088K, used 105672K [0x00000000d0000000, 0x00000000d9580000, 0x00000000e0000000)
  object space 153088K, 69% used [0x00000000d0000000,0x00000000d6732000,0x00000000d9580000)
Event: 3379,000 GC heap after
Heap after GC invocations=255 (full 6):
 PSYoungGen      total 97792K, used 3482K [0x00000000f5500000, 0x00000000fc700000, 0x0000000100000000)
  eden space 87552K, 0% used [0x00000000f5500000,0x00000000f5500000,0x00000000faa80000)
  from space 10240K, 34% used [0x00000000faa80000,0x00000000fade6a80,0x00000000fb480000)
  to   space 9728K, 0% used [0x00000000fbd80000,0x00000000fbd80000,0x00000000fc700000)
 ParOldGen       total 116736K, used 85525K [0x00000000e0000000, 0x00000000e7200000, 0x00000000f5500000)
  object space 116736K, 73% used [0x00000000e0000000,0x00000000e5385658,0x00000000e7200000)
 PSPermGen       total 153088K, used 105672K [0x00000000d0000000, 0x00000000d9580000, 0x00000000e0000000)
  object space 153088K, 69% used [0x00000000d0000000,0x00000000d6732000,0x00000000d9580000)
}
Event: 3379,190 GC heap before
{Heap before GC invocations=256 (full 6):
 PSYoungGen      total 97792K, used 90526K [0x00000000f5500000, 0x00000000fc700000, 0x0000000100000000)
  eden space 87552K, 99% used [0x00000000f5500000,0x00000000faa00e20,0x00000000faa80000)
  from space 10240K, 34% used [0x00000000faa80000,0x00000000fade6a80,0x00000000fb480000)
  to   space 9728K, 0% used [0x00000000fbd80000,0x00000000fbd80000,0x00000000fc700000)
 ParOldGen       total 116736K, used 85525K [0x00000000e0000000, 0x00000000e7200000, 0x00000000f5500000)
  object space 116736K, 73% used [0x00000000e0000000,0x00000000e5385658,0x00000000e7200000)
 PSPermGen       total 153088K, used 105672K [0x00000000d0000000, 0x00000000d9580000, 0x00000000e0000000)
  object space 153088K, 69% used [0x00000000d0000000,0x00000000d67323e8,0x00000000d9580000)
Event: 3379,196 GC heap after
Heap after GC invocations=256 (full 6):
 PSYoungGen      total 105984K, used 2511K [0x00000000f5500000, 0x00000000fc680000, 0x0000000100000000)
  eden space 96768K, 0% used [0x00000000f5500000,0x00000000f5500000,0x00000000fb380000)
  from space 9216K, 27% used [0x00000000fbd80000,0x00000000fbff3d80,0x00000000fc680000)
  to   space 9728K, 0% used [0x00000000fb380000,0x00000000fb380000,0x00000000fbd00000)
 ParOldGen       total 116736K, used 85525K [0x00000000e0000000, 0x00000000e7200000, 0x00000000f5500000)
  object space 116736K, 73% used [0x00000000e0000000,0x00000000e5385658,0x00000000e7200000)
 PSPermGen       total 153088K, used 105672K [0x00000000d0000000, 0x00000000d9580000, 0x00000000e0000000)
  object space 153088K, 69% used [0x00000000d0000000,0x00000000d67323e8,0x00000000d9580000)
}
Event: 3379,445 GC heap before
{Heap before GC invocations=257 (full 6):
 PSYoungGen      total 105984K, used 99279K [0x00000000f5500000, 0x00000000fc680000, 0x0000000100000000)
  eden space 96768K, 100% used [0x00000000f5500000,0x00000000fb380000,0x00000000fb380000)
  from space 9216K, 27% used [0x00000000fbd80000,0x00000000fbff3d80,0x00000000fc680000)
  to   space 9728K, 0% used [0x00000000fb380000,0x00000000fb380000,0x00000000fbd00000)
 ParOldGen       total 116736K, used 85525K [0x00000000e0000000, 0x00000000e7200000, 0x00000000f5500000)
  object space 116736K, 73% used [0x00000000e0000000,0x00000000e5385658,0x00000000e7200000)
 PSPermGen       total 153088K, used 105675K [0x00000000d0000000, 0x00000000d9580000, 0x00000000e0000000)
  object space 153088K, 69% used [0x00000000d0000000,0x00000000d6732c08,0x00000000d9580000)
Event: 3379,451 GC heap after
Heap after GC invocations=257 (full 6):
 PSYoungGen      total 106496K, used 2338K [0x00000000f5500000, 0x00000000fcf00000, 0x0000000100000000)
  eden space 96768K, 0% used [0x00000000f5500000,0x00000000f5500000,0x00000000fb380000)
  from space 9728K, 24% used [0x00000000fb380000,0x00000000fb5c89c0,0x00000000fbd00000)
  to   space 9216K, 0% used [0x00000000fc600000,0x00000000fc600000,0x00000000fcf00000)
 ParOldGen       total 116736K, used 85565K [0x00000000e0000000, 0x00000000e7200000, 0x00000000f5500000)
  object space 116736K, 73% used [0x00000000e0000000,0x00000000e538f658,0x00000000e7200000)
 PSPermGen       total 153088K, used 105675K [0x00000000d0000000, 0x00000000d9580000, 0x00000000e0000000)
  object space 153088K, 69% used [0x00000000d0000000,0x00000000d6732c08,0x00000000d9580000)
}
Event: 3379,718 GC heap before
{Heap before GC invocations=258 (full 6):
 PSYoungGen      total 106496K, used 99106K [0x00000000f5500000, 0x00000000fcf00000, 0x0000000100000000)
  eden space 96768K, 100% used [0x00000000f5500000,0x00000000fb380000,0x00000000fb380000)
  from space 9728K, 24% used [0x00000000fb380000,0x00000000fb5c89c0,0x00000000fbd00000)
  to   space 9216K, 0% used [0x00000000fc600000,0x00000000fc600000,0x00000000fcf00000)
 ParOldGen       total 116736K, used 85565K [0x00000000e0000000, 0x00000000e7200000, 0x00000000f5500000)
  object space 116736K, 73% used [0x00000000e0000000,0x00000000e538f658,0x00000000e7200000)
 PSPermGen       total 153088K, used 105675K [0x00000000d0000000, 0x00000000d9580000, 0x00000000e0000000)
  object space 153088K, 69% used [0x00000000d0000000,0x00000000d6732f28,0x00000000d9580000)
Event: 3379,723 GC heap after
Heap after GC invocations=258 (full 6):
 PSYoungGen      total 114688K, used 1522K [0x00000000f5500000, 0x00000000fce80000, 0x0000000100000000)
  eden space 105984K, 0% used [0x00000000f5500000,0x00000000f5500000,0x00000000fbc80000)
  from space 8704K, 17% used [0x00000000fc600000,0x00000000fc77cae8,0x00000000fce80000)
  to   space 9216K, 0% used [0x00000000fbc80000,0x00000000fbc80000,0x00000000fc580000)
 ParOldGen       total 116736K, used 85613K [0x00000000e0000000, 0x00000000e7200000, 0x00000000f5500000)
  object space 116736K, 73% used [0x00000000e0000000,0x00000000e539b658,0x00000000e7200000)
 PSPermGen       total 153088K, used 105675K [0x00000000d0000000, 0x00000000d9580000, 0x00000000e0000000)
  object space 153088K, 69% used [0x00000000d0000000,0x00000000d6732f28,0x00000000d9580000)
}
Event: 3379,973 GC heap before
{Heap before GC invocations=259 (full 6):
 PSYoungGen      total 114688K, used 107506K [0x00000000f5500000, 0x00000000fce80000, 0x0000000100000000)
  eden space 105984K, 100% used [0x00000000f5500000,0x00000000fbc80000,0x00000000fbc80000)
  from space 8704K, 17% used [0x00000000fc600000,0x00000000fc77cae8,0x00000000fce80000)
  to   space 9216K, 0% used [0x00000000fbc80000,0x00000000fbc80000,0x00000000fc580000)
 ParOldGen       total 116736K, used 85613K [0x00000000e0000000, 0x00000000e7200000, 0x00000000f5500000)
  object space 116736K, 73% used [0x00000000e0000000,0x00000000e539b658,0x00000000e7200000)
 PSPermGen       total 153088K, used 105676K [0x00000000d0000000, 0x00000000d9580000, 0x00000000e0000000)
  object space 153088K, 69% used [0x00000000d0000000,0x00000000d67330e0,0x00000000d9580000)
Event: 3379,981 GC heap after
Heap after GC invocations=259 (full 6):
 PSYoungGen      total 115200K, used 3291K [0x00000000f5500000, 0x00000000fd780000, 0x0000000100000000)
  eden space 105984K, 0% used [0x00000000f5500000,0x00000000f5500000,0x00000000fbc80000)
  from space 9216K, 35% used [0x00000000fbc80000,0x00000000fbfb6f10,0x00000000fc580000)
  to   space 8704K, 0% used [0x00000000fcf00000,0x00000000fcf00000,0x00000000fd780000)
 ParOldGen       total 116736K, used 85613K [0x00000000e0000000, 0x00000000e7200000, 0x00000000f5500000)
  object space 116736K, 73% used [0x00000000e0000000,0x00000000e539b658,0x00000000e7200000)
 PSPermGen       total 153088K, used 105676K [0x00000000d0000000, 0x00000000d9580000, 0x00000000e0000000)
  object space 153088K, 69% used [0x00000000d0000000,0x00000000d67330e0,0x00000000d9580000)
}

